7	7	17	42	46	./Source/Lib/Bitmap/Src/Bitmap.c(42): FindFirstZero
14	14	40	98	104	./Source/Lib/Bitmap/Src/Bitmap.c(98): FindContigZero
3	3	13	212	24	./Source/Lib/Bitmap/Src/Bitmap.c(212): BitmapInit
3	3	5	242	17	./Source/Lib/Bitmap/Src/Bitmap.c(242): BitmapSetBit
4	4	5	265	17	./Source/Lib/Bitmap/Src/Bitmap.c(265): BitmapClearBit
2	2	3	291	10	./Source/Lib/Bitmap/Src/Bitmap.c(291): BitmapTestBit
2	2	6	309	18	./Source/Lib/Bitmap/Src/Bitmap.c(309): BitmapFindFirstZero
7	7	21	336	49	./Source/Lib/Bitmap/Src/Bitmap.c(336): BitmapFindContigZero
7	7	16	392	35	./Source/Lib/Bitmap/Src/Bitmap.c(392): BitmapClearContigZero
2	2	9	41	20	./Source/System/Boot/DBAL/Src/Main.c(41): Main
2	2	4	42	11	./Source/System/Boot/DBAL/Src/String.c(42): memcpy
4	4	6	63	27	./Source/System/Boot/DBAL/Src/String.c(63): memmove
2	2	4	100	9	./Source/System/Boot/DBAL/Src/String.c(100): memset
1	1	1	115	4	./Source/System/Boot/DBAL/Src/String.c(115): outb
1	1	1	125	4	./Source/System/Boot/DBAL/Src/String.c(125): outw
1	1	3	137	6	./Source/System/Boot/DBAL/Src/String.c(137): inb
3	3	7	42	17	./Source/System/Boot/DBAL/Src/Log/Debug.c(42): ScrollText
5	5	14	64	36	./Source/System/Boot/DBAL/Src/Log/Debug.c(64): DebugPrintCharText
2	2	3	105	7	./Source/System/Boot/DBAL/Src/Log/Debug.c(105): DebugPrintStringText
4	4	17	117	35	./Source/System/Boot/DBAL/Src/Log/Debug.c(117): DebugPrintDecimalText
6	6	19	157	41	./Source/System/Boot/DBAL/Src/Log/Debug.c(157): DebugPrintHexadecimalText
4	8	27	204	62	./Source/System/Boot/DBAL/Src/Log/Debug.c(204): DebugPrintText
1	1	3	39	6	./Source/System/Boot/DBAL/Src/Math.c(39): sqrt
1	1	3	54	6	./Source/System/Boot/DBAL/Src/Math.c(54): fyl2x
2	2	9	41	14	./Source/System/Boot/DBAL/Src/Abort.c(41): AbortBoot
1	1	0	38	73	./Source/System/Boot/DBAL/Src/BootFiles.c(38): Bouncer
4	4	3	121	9	./Source/System/Boot/DBAL/Src/BootFiles.c(121): CRC
3	3	6	134	19	./Source/System/Boot/DBAL/Src/BootFiles.c(134): BootFilesInit
1	1	1	157	5	./Source/System/Boot/DBAL/Src/BootFiles.c(157): BootFilesClear
10	10	40	169	114	./Source/System/Boot/DBAL/Src/BootFiles.c(169): BootFilesBGImg
1	1	2	40	6	./Source/System/Boot/DBAL/Src/BIT.c(40): BITInit
6	6	12	46	39	./Source/System/Boot/DBAL/Src/Output.c(46): SwitchToMode
10	10	31	92	85	./Source/System/Boot/DBAL/Src/Output.c(92): SerialPortDetect
3	3	11	181	28	./Source/System/Boot/DBAL/Src/Output.c(181): FindBestVBEMode
13	31	122	217	272	./Source/System/Boot/DBAL/Src/Output.c(217): ParseEDIDInfo
38	38	24	491	120	./Source/System/Boot/DBAL/Src/Output.c(491): ParseVBEInfo
1	1	11	615	24	./Source/System/Boot/DBAL/Src/Output.c(615): VGAInit
6	6	22	644	70	./Source/System/Boot/DBAL/Src/Output.c(644): VBEInit
2	2	3	716	8	./Source/System/Boot/DBAL/Src/Output.c(716): SerialInit
4	4	7	729	21	./Source/System/Boot/DBAL/Src/Output.c(729): OutputInit
22	22	86	47	274	./Source/System/Boot/DBAL/Src/PMM.c(47): PMMFixMMap
12	12	42	325	105	./Source/System/Boot/DBAL/Src/PMM.c(325): PMMInit
5	5	16	438	40	./Source/System/Boot/DBAL/Src/PMM.c(438): PMMAllocFrame
2	2	6	483	21	./Source/System/Boot/DBAL/Src/PMM.c(483): PMMFreeFrame
5	5	18	513	45	./Source/System/Boot/DBAL/Src/PMM.c(513): PMMAllocContigFrames
2	2	6	564	21	./Source/System/Boot/DBAL/Src/PMM.c(564): PMMFreeContigFrames
