Have a non-directory at the top, so creating directory top_dir
Adding /home/shikhin/Projects/Draumr/Cleanup.sh to top_dir
Creating filelist for Coding Style
Adding /home/shikhin/Projects/Draumr/Debug.log to top_dir
Adding /home/shikhin/Projects/Draumr/Draumr.flp to top_dir
Adding /home/shikhin/Projects/Draumr/Draumr.iso to top_dir
Adding /home/shikhin/Projects/Draumr/Draumr.sublime-project to top_dir
Adding /home/shikhin/Projects/Draumr/Draumr.sublime-workspace to top_dir
Adding /home/shikhin/Projects/Draumr/SConstruct to top_dir
Adding /home/shikhin/Projects/Draumr/SLOC.log to top_dir
Creating filelist for Scripts
Creating filelist for Source
Adding /home/shikhin/Projects/Draumr/Test.sh to top_dir
Creating filelist for Utilities
Categorizing files.
Finding a working MD5 command....
Found a working MD5 command.
Computing results.


SLOC	Directory	SLOC-by-Language (Sorted)
5258    Source          asm=2878,ansic=2380
449     Utilities       ansic=449
168     Scripts         python=168
48      Coding Style    ansic=31,asm=17
34      top_dir         sh=34


Totals grouped by language (dominant language first):
asm:           2895 (48.60%)
ansic:         2860 (48.01%)
python:         168 (2.82%)
sh:              34 (0.57%)




Total Physical Source Lines of Code (SLOC)                = 5,957
Development Effort Estimate, Person-Years (Person-Months) = 1.30 (15.63)
 (Basic COCOMO model, Person-Months = 2.4 * (KSLOC**1.05))
Schedule Estimate, Years (Months)                         = 0.59 (7.11)
 (Basic COCOMO model, Months = 2.5 * (person-months**0.38))
Estimated Average Number of Developers (Effort/Schedule)  = 2.20
Total Estimated Cost to Develop                           = $ 175,963
 (average salary = $56,286/year, overhead = 2.40).
SLOCCount, Copyright (C) 2001-2004 David A. Wheeler
SLOCCount is Open Source Software/Free Software, licensed under the GNU GPL.
SLOCCount comes with ABSOLUTELY NO WARRANTY, and you are welcome to
redistribute it under certain conditions as specified by the GNU GPL license;
see the documentation for details.
Please credit this data as "generated using David A. Wheeler's 'SLOCCount'."
